<?xml version="1.0" encoding="UTF-8"?>
<!-- Generated by org.testng.reporters.JUnitXMLReporter -->
<testsuite hostname="DESKTOP-FUD79OP" ignored="0" name="Command line test" tests="17" failures="1" timestamp="17 Sep 2019 06:04:13 GMT" time="110.338" errors="0">
  <testcase name="test1" time="0.004" classname="TestNGDemo.ExceptionTimeOutTest"/>
  <testcase name="googleLogoTest" time="0.658" classname="TestNGDemo.GoogleTitleTest"/>
  <testcase name="googleTitleTest" time="0.044" classname="TestNGDemo.GoogleTitleTest">
    <failure type="java.lang.AssertionError" message="title is not matched expected [Google123] but found [www.google.com]">
      <![CDATA[java.lang.AssertionError: title is not matched expected [Google123] but found [www.google.com]
at TestNGDemo.GoogleTitleTest.googleTitleTest(GoogleTitleTest.java:36)
... Removed 40 stack frames]]>
    </failure>
  </testcase> <!-- googleTitleTest -->
  <testcase name="sum" time="0.0" classname="TestNGDemo.InvocationCountTest"/>
  <testcase name="sum" time="0.0" classname="TestNGDemo.InvocationCountTest"/>
  <testcase name="sum" time="0.004" classname="TestNGDemo.InvocationCountTest"/>
  <testcase name="sum" time="0.004" classname="TestNGDemo.InvocationCountTest"/>
  <testcase name="sum" time="0.0" classname="TestNGDemo.InvocationCountTest"/>
  <testcase name="sum" time="0.0" classname="TestNGDemo.InvocationCountTest"/>
  <testcase name="sum" time="0.004" classname="TestNGDemo.InvocationCountTest"/>
  <testcase name="sum" time="0.004" classname="TestNGDemo.InvocationCountTest"/>
  <testcase name="sum" time="0.004" classname="TestNGDemo.InvocationCountTest"/>
  <testcase name="sum" time="0.0" classname="TestNGDemo.InvocationCountTest"/>
  <testcase name="googleLogoTest" time="0.0" classname="TestNGDemo.TestNgBasics"/>
  <testcase name="googleTitleTest" time="0.004" classname="TestNGDemo.TestNgBasics"/>
  <testcase name="searchTest" time="0.001" classname="TestNGDemo.TestNgBasics"/>
  <testcase name="loginTest" time="0.003" classname="TestNGDemo.TestNgFeatures"/>
</testsuite> <!-- Command line test -->
