<?xml version="1.0" encoding="UTF-8" ?>
<testsuite tests="17" failures="1" name="TestSuite" time="0.881" errors="0" skipped="0">
  <properties>
[...]
</properties>
  <testcase classname="TestNGDemo.ExceptionTimeOutTest" name="test1" time="0.008"/>
  <testcase classname="TestNGDemo.GoogleTitleTest" name="googleLogoTest" time="0.663"/>
  <testcase classname="TestNGDemo.GoogleTitleTest" name="googleTitleTest" time="0.112">
    <failure message="title is not matched expected [Google123] but found [www.google.com]" type="java.lang.AssertionError">java.lang.AssertionError: title is not matched expected [Google123] but found [www.google.com]
	at org.testng.Assert.fail(Assert.java:96)
	at org.testng.Assert.failNotEquals(Assert.java:776)
	at org.testng.Assert.assertEqualsImpl(Assert.java:137)
	at org.testng.Assert.assertEquals(Assert.java:118)
	at org.testng.Assert.assertEquals(Assert.java:453)
	at TestNGDemo.GoogleTitleTest.googleTitleTest(GoogleTitleTest.java:36)
</failure>
    <system-out>www.google.com
</system-out>
    <system-err>Starting ChromeDriver 75.0.3770.8 (681f24ea911fe754973dda2fdc6d2a2e159dd300-refs/branch-heads/3770@{#40}) on port 24943
Only local connections are allowed.
Please protect ports used by ChromeDriver and related test frameworks to prevent access by malicious code.
[1568700228.365][WARNING]: This version of ChromeDriver has not been tested with Chrome version 76.
Sep 17, 2019 11:33:50 AM org.openqa.selenium.remote.ProtocolHandshake createSession
INFO: Detected dialect: W3C
</system-err>
  </testcase>
  <testcase classname="TestNGDemo.InvocationCountTest" name="sum" time="0.044"/>
  <testcase classname="TestNGDemo.InvocationCountTest" name="sum" time="0"/>
  <testcase classname="TestNGDemo.InvocationCountTest" name="sum" time="0"/>
  <testcase classname="TestNGDemo.InvocationCountTest" name="sum" time="0.004"/>
  <testcase classname="TestNGDemo.InvocationCountTest" name="sum" time="0.008"/>
  <testcase classname="TestNGDemo.InvocationCountTest" name="sum" time="0.006"/>
  <testcase classname="TestNGDemo.InvocationCountTest" name="sum" time="0.001"/>
  <testcase classname="TestNGDemo.InvocationCountTest" name="sum" time="0.011"/>
  <testcase classname="TestNGDemo.InvocationCountTest" name="sum" time="0.003"/>
  <testcase classname="TestNGDemo.InvocationCountTest" name="sum" time="0.002"/>
  <testcase classname="TestNGDemo.TestNgBasics" name="googleLogoTest" time="0.01"/>
  <testcase classname="TestNGDemo.TestNgBasics" name="googleTitleTest" time="0.003"/>
  <testcase classname="TestNGDemo.TestNgBasics" name="searchTest" time="0.001"/>
  <testcase classname="TestNGDemo.TestNgFeatures" name="loginTest" time="0.005"/>
</testsuite>